<?xml version="1.0" encoding="UTF-8"?>
<!-- Generated by org.testng.reporters.JUnitReportReporter -->
<testsuite hostname="svinayak-lpt" failures="0" tests="1" name="Test_Runner.TestRunner" time="33.989" errors="0" timestamp="2023-08-24T18:02:45 IST" skipped="0">
  <testcase classname="Test_Runner.TestRunner" name="runScenario" time="33.989"/>
  <system-out/>
</testsuite> <!-- Test_Runner.TestRunner -->
